# JRE version: Java(TM) SE Runtime Environment (8.0_101-b13) (build 1.8.0_101-b13)
# Java VM: Java HotSpot(TM) 64-Bit Server VM (25.101-b13 mixed mode windows-amd64 compressed oops)
Heap:
 PSYoungGen      total 1090048K, used 566658K [0x000000076af00000, 0x00000007bfb00000, 0x00000007c0000000)
  eden space 1089536K, 52% used [0x000000076af00000,0x000000078d848bf8,0x00000007ad700000)
  from space 512K, 18% used [0x00000007bfa80000,0x00000007bfa98000,0x00000007bfb00000)
  to   space 2048K, 0% used [0x00000007bf700000,0x00000007bf700000,0x00000007bf900000)
 ParOldGen       total 175104K, used 1444K [0x00000006c0c00000, 0x00000006cb700000, 0x000000076af00000)
  object space 175104K, 0% used [0x00000006c0c00000,0x00000006c0d69070,0x00000006cb700000)
 Metaspace       used 3798K, capacity 4684K, committed 4864K, reserved 1056768K
  class space    used 419K, capacity 436K, committed 512K, reserved 1048576K
GC Heap History (10 events):
Event: 31.248 GC heap before
{Heap before GC invocations=16 (full 0):
 PSYoungGen      total 1391104K, used 1388768K [0x000000076af00000, 0x00000007c0000000, 0x00000007c0000000)
  eden space 1388544K, 100% used [0x000000076af00000,0x00000007bfb00000,0x00000007bfb00000)
  from space 2560K, 8% used [0x00000007bfb00000,0x00000007bfb38000,0x00000007bfd80000)
  to   space 2560K, 0% used [0x00000007bfd80000,0x00000007bfd80000,0x00000007c0000000)
 ParOldGen       total 175104K, used 1428K [0x00000006c0c00000, 0x00000006cb700000, 0x000000076af00000)
  object space 175104K, 0% used [0x00000006c0c00000,0x00000006c0d65070,0x00000006cb700000)
 Metaspace       used 3795K, capacity 4684K, committed 4864K, reserved 1056768K
  class space    used 419K, capacity 436K, committed 512K, reserved 1048576K
Event: 31.248 GC heap after
Heap after GC invocations=16 (full 0):
 PSYoungGen      total 1323008K, used 288K [0x000000076af00000, 0x00000007bfe00000, 0x00000007c0000000)
  eden space 1322496K, 0% used [0x000000076af00000,0x000000076af00000,0x00000007bba80000)
  from space 512K, 56% used [0x00000007bfd80000,0x00000007bfdc8000,0x00000007bfe00000)
  to   space 2048K, 0% used [0x00000007bfa00000,0x00000007bfa00000,0x00000007bfc00000)
 ParOldGen       total 175104K, used 1428K [0x00000006c0c00000, 0x00000006cb700000, 0x000000076af00000)
  object space 175104K, 0% used [0x00000006c0c00000,0x00000006c0d65070,0x00000006cb700000)
 Metaspace       used 3795K, capacity 4684K, committed 4864K, reserved 1056768K
  class space    used 419K, capacity 436K, committed 512K, reserved 1048576K
}
Event: 34.462 GC heap before
{Heap before GC invocations=17 (full 0):
 PSYoungGen      total 1323008K, used 1322784K [0x000000076af00000, 0x00000007bfe00000, 0x00000007c0000000)
  eden space 1322496K, 100% used [0x000000076af00000,0x00000007bba80000,0x00000007bba80000)
  from space 512K, 56% used [0x00000007bfd80000,0x00000007bfdc8000,0x00000007bfe00000)
  to   space 2048K, 0% used [0x00000007bfa00000,0x00000007bfa00000,0x00000007bfc00000)
 ParOldGen       total 175104K, used 1428K [0x00000006c0c00000, 0x00000006cb700000, 0x000000076af00000)
  object space 175104K, 0% used [0x00000006c0c00000,0x00000006c0d65070,0x00000006cb700000)
 Metaspace       used 3795K, capacity 4684K, committed 4864K, reserved 1056768K
  class space    used 419K, capacity 436K, committed 512K, reserved 1048576K
Event: 34.477 GC heap after
Heap after GC invocations=17 (full 0):
 PSYoungGen      total 1261568K, used 192K [0x000000076af00000, 0x00000007bfe00000, 0x00000007c0000000)
  eden space 1259520K, 0% used [0x000000076af00000,0x000000076af00000,0x00000007b7d00000)
  from space 2048K, 9% used [0x00000007bfa00000,0x00000007bfa30000,0x00000007bfc00000)
  to   space 2048K, 0% used [0x00000007bfc00000,0x00000007bfc00000,0x00000007bfe00000)
 ParOldGen       total 175104K, used 1428K [0x00000006c0c00000, 0x00000006cb700000, 0x000000076af00000)
  object space 175104K, 0% used [0x00000006c0c00000,0x00000006c0d65070,0x00000006cb700000)
 Metaspace       used 3795K, capacity 4684K, committed 4864K, reserved 1056768K
  class space    used 419K, capacity 436K, committed 512K, reserved 1048576K
}
Event: 38.083 GC heap before
{Heap before GC invocations=18 (full 0):
 PSYoungGen      total 1261568K, used 1259712K [0x000000076af00000, 0x00000007bfe00000, 0x00000007c0000000)
  eden space 1259520K, 100% used [0x000000076af00000,0x00000007b7d00000,0x00000007b7d00000)
  from space 2048K, 9% used [0x00000007bfa00000,0x00000007bfa30000,0x00000007bfc00000)
  to   space 2048K, 0% used [0x00000007bfc00000,0x00000007bfc00000,0x00000007bfe00000)
 ParOldGen       total 175104K, used 1428K [0x00000006c0c00000, 0x00000006cb700000, 0x000000076af00000)
  object space 175104K, 0% used [0x00000006c0c00000,0x00000006c0d65070,0x00000006cb700000)
 Metaspace       used 3797K, capacity 4684K, committed 4864K, reserved 1056768K
  class space    used 419K, capacity 436K, committed 512K, reserved 1048576K
Event: 38.096 GC heap after
Heap after GC invocations=18 (full 0):
 PSYoungGen      total 1200640K, used 288K [0x000000076af00000, 0x00000007bfc80000, 0x00000007c0000000)
  eden space 1200128K, 0% used [0x000000076af00000,0x000000076af00000,0x00000007b4300000)
  from space 512K, 56% used [0x00000007bfc00000,0x00000007bfc48000,0x00000007bfc80000)
  to   space 2048K, 0% used [0x00000007bf880000,0x00000007bf880000,0x00000007bfa80000)
 ParOldGen       total 175104K, used 1444K [0x00000006c0c00000, 0x00000006cb700000, 0x000000076af00000)
  object space 175104K, 0% used [0x00000006c0c00000,0x00000006c0d69070,0x00000006cb700000)
 Metaspace       used 3797K, capacity 4684K, committed 4864K, reserved 1056768K
  class space    used 419K, capacity 436K, committed 512K, reserved 1048576K
}
Event: 41.441 GC heap before
{Heap before GC invocations=19 (full 0):
 PSYoungGen      total 1200640K, used 1200416K [0x000000076af00000, 0x00000007bfc80000, 0x00000007c0000000)
  eden space 1200128K, 100% used [0x000000076af00000,0x00000007b4300000,0x00000007b4300000)
  from space 512K, 56% used [0x00000007bfc00000,0x00000007bfc48000,0x00000007bfc80000)
  to   space 2048K, 0% used [0x00000007bf880000,0x00000007bf880000,0x00000007bfa80000)
 ParOldGen       total 175104K, used 1444K [0x00000006c0c00000, 0x00000006cb700000, 0x000000076af00000)
  object space 175104K, 0% used [0x00000006c0c00000,0x00000006c0d69070,0x00000006cb700000)
 Metaspace       used 3797K, capacity 4684K, committed 4864K, reserved 1056768K
  class space    used 419K, capacity 436K, committed 512K, reserved 1048576K
Event: 41.448 GC heap after
Heap after GC invocations=19 (full 0):
 PSYoungGen      total 1145344K, used 320K [0x000000076af00000, 0x00000007bfc80000, 0x00000007c0000000)
  eden space 1143296K, 0% used [0x000000076af00000,0x000000076af00000,0x00000007b0b80000)
  from space 2048K, 15% used [0x00000007bf880000,0x00000007bf8d0000,0x00000007bfa80000)
  to   space 2048K, 0% used [0x00000007bfa80000,0x00000007bfa80000,0x00000007bfc80000)
 ParOldGen       total 175104K, used 1444K [0x00000006c0c00000, 0x00000006cb700000, 0x000000076af00000)
  object space 175104K, 0% used [0x00000006c0c00000,0x00000006c0d69070,0x00000006cb700000)
 Metaspace       used 3797K, capacity 4684K, committed 4864K, reserved 1056768K
  class space    used 419K, capacity 436K, committed 512K, reserved 1048576K
}
Event: 44.249 GC heap before
{Heap before GC invocations=20 (full 0):
 PSYoungGen      total 1145344K, used 1143616K [0x000000076af00000, 0x00000007bfc80000, 0x00000007c0000000)
  eden space 1143296K, 100% used [0x000000076af00000,0x00000007b0b80000,0x00000007b0b80000)
  from space 2048K, 15% used [0x00000007bf880000,0x00000007bf8d0000,0x00000007bfa80000)
  to   space 2048K, 0% used [0x00000007bfa80000,0x00000007bfa80000,0x00000007bfc80000)
 ParOldGen       total 175104K, used 1444K [0x00000006c0c00000, 0x00000006cb700000, 0x000000076af00000)
  object space 175104K, 0% used [0x00000006c0c00000,0x00000006c0d69070,0x00000006cb700000)
 Metaspace       used 3798K, capacity 4684K, committed 4864K, reserved 1056768K
  class space    used 419K, capacity 436K, committed 512K, reserved 1048576K
Event: 44.258 GC heap after
Heap after GC invocations=20 (full 0):
 PSYoungGen      total 1090048K, used 96K [0x000000076af00000, 0x00000007bfb00000, 0x00000007c0000000)
  eden space 1089536K, 0% used [0x000000076af00000,0x000000076af00000,0x00000007ad700000)
  from space 512K, 18% used [0x00000007bfa80000,0x00000007bfa98000,0x00000007bfb00000)
  to   space 2048K, 0% used [0x00000007bf700000,0x00000007bf700000,0x00000007bf900000)
 ParOldGen       total 175104K, used 1444K [0x00000006c0c00000, 0x00000006cb700000, 0x000000076af00000)
  object space 175104K, 0% used [0x00000006c0c00000,0x00000006c0d69070,0x00000006cb700000)
 Metaspace       used 3798K, capacity 4684K, committed 4864K, reserved 1056768K
  class space    used 419K, capacity 436K, committed 512K, reserved 1048576K
}

